<?xml version="1.0" encoding="UTF-8"?>
<testsuite name="somelib.LibraryTest" tests="1" skipped="0" failures="0" errors="0" timestamp="2022-08-21T14:57:33" hostname="192.168.0.100" time="0.006">
  <properties/>
  <testcase name="someLibraryMethodReturnsTrue()" classname="somelib.LibraryTest" time="0.006"/>
  <system-out><![CDATA[]]></system-out>
  <system-err><![CDATA[]]></system-err>
</testsuite>
